Using pre-set license
Built from '2020.3/staging' branch; Version is '2020.3.11f1 (99c7afb366b3) revision 10078127'; Using compiler version '192528614'; Build Type 'Release'
OS: 'Windows 10 Pro; OS build 19041.1052; Version 2004; 64bit' Language: 'pt' Physical Memory: 8128 MB
BatchMode: 1, IsHumanControllingUs: 0, StartBugReporterOnCrash: 0, Is64bit: 1, IsPro: 0

 COMMAND LINE ARGUMENTS:
C:\Program Files\Unity\Hub\Editor\2020.3.11f1\Editor\Unity.exe
-adb2
-batchMode
-noUpm
-name
AssetImportWorker0
-projectPath
D:/Repository/Learning/Junior Programmer Pathway/Programming-Theory-Repo/Junior Programmer Submission
-logFile
Logs/AssetImportWorker0.log
-srvPort
64768
Successfully changed project path to: D:/Repository/Learning/Junior Programmer Pathway/Programming-Theory-Repo/Junior Programmer Submission
D:/Repository/Learning/Junior Programmer Pathway/Programming-Theory-Repo/Junior Programmer Submission
Using Asset Import Pipeline V2.
Refreshing native plugins compatible for Editor in 25.21 ms, found 2 plugins.
Preloading 0 native plugins for Editor in 0.00 ms.
Initialize engine version: 2020.3.11f1 (99c7afb366b3)
[Subsystems] Discovering subsystems at path C:/Program Files/Unity/Hub/Editor/2020.3.11f1/Editor/Data/Resources/UnitySubsystems
[Subsystems] Discovering subsystems at path D:/Repository/Learning/Junior Programmer Pathway/Programming-Theory-Repo/Junior Programmer Submission/Assets
GfxDevice: creating device client; threaded=0
Direct3D:
    Version:  Direct3D 11.0 [level 11.1]
    Renderer: NVIDIA GeForce GTX 1650 (ID=0x1f82)
    Vendor:   
    VRAM:     3962 MB
    Driver:   27.21.14.6663
Initialize mono
Mono path[0] = 'C:/Program Files/Unity/Hub/Editor/2020.3.11f1/Editor/Data/Managed'
Mono path[1] = 'C:/Program Files/Unity/Hub/Editor/2020.3.11f1/Editor/Data/MonoBleedingEdge/lib/mono/unityjit'
Mono config path = 'C:/Program Files/Unity/Hub/Editor/2020.3.11f1/Editor/Data/MonoBleedingEdge/etc'
Using monoOptions --debugger-agent=transport=dt_socket,embedding=1,server=y,suspend=n,address=127.0.0.1:56260
Begin MonoManager ReloadAssembly
Registering precompiled unity dll's ...
Register platform support module: C:/Program Files/Unity/Hub/Editor/2020.3.11f1/Editor/Data/PlaybackEngines/WindowsStandaloneSupport/UnityEditor.WindowsStandalone.Extensions.dll
Registered in 0.001672 seconds.
Native extension for WindowsStandalone target not found
Refreshing native plugins compatible for Editor in 25.75 ms, found 2 plugins.
Preloading 0 native plugins for Editor in 0.00 ms.
Mono: successfully reloaded assembly
- Completed reload, in  0.816 seconds
Platform modules already initialized, skipping
Registering precompiled user dll's ...
Registered in 0.002032 seconds.
Begin MonoManager ReloadAssembly
Native extension for WindowsStandalone target not found
Refreshing native plugins compatible for Editor in 0.37 ms, found 2 plugins.
Preloading 0 native plugins for Editor in 0.00 ms.
Mono: successfully reloaded assembly
- Completed reload, in  0.841 seconds
Platform modules already initialized, skipping
========================================================================
Worker process is ready to serve import requests
Launched and connected shader compiler UnityShaderCompiler.exe after 0.03 seconds
Refreshing native plugins compatible for Editor in 0.40 ms, found 2 plugins.
Preloading 0 native plugins for Editor in 0.00 ms.
Unloading 1386 Unused Serialized files (Serialized files now loaded: 0)
System memory in use before: 65.2 MB.
System memory in use after: 65.2 MB.

Unloading 19 unused Assets to reduce memory usage. Loaded Objects now: 1819.
Total: 1.937600 ms (FindLiveObjects: 0.182300 ms CreateObjectMapping: 0.042400 ms MarkObjects: 1.625000 ms  DeleteObjects: 0.086900 ms)

========================================================================
Received Import Request.
  path: Assets
  artifactKey: Guid(00000000000000001000000000000000) Importer(815301076,1909f56bfc062723c751e8b465ee728b)
Start importing Assets using Guid(00000000000000001000000000000000) Importer(815301076,1909f56bfc062723c751e8b465ee728b)  -> (artifact id: '42d402b061de3733987d63b9cc3b64de') in 0.009566 seconds
  Import took 0.025014 seconds .

========================================================================
Received Import Request.
  Time since last request: 2.960056 seconds.
  path: Assets/Prefabs
  artifactKey: Guid(5f2e32afd77210a4c85f9e371ae84834) Importer(815301076,1909f56bfc062723c751e8b465ee728b)
Start importing Assets/Prefabs using Guid(5f2e32afd77210a4c85f9e371ae84834) Importer(815301076,1909f56bfc062723c751e8b465ee728b)  -> (artifact id: '20517a00c0825461a1ca7cf6488ab102') in 0.007080 seconds
  Import took 0.009744 seconds .

========================================================================
Received Import Request.
  Time since last request: 1.454098 seconds.
  path: Assets/Animal_Fox_02.prefab
  artifactKey: Guid(e7cc571fb6193484fbdf411869c47343) Importer(815301076,1909f56bfc062723c751e8b465ee728b)
Start importing Assets/Animal_Fox_02.prefab using Guid(e7cc571fb6193484fbdf411869c47343) Importer(815301076,1909f56bfc062723c751e8b465ee728b)  -> (artifact id: '67350def2a1ed70814aece75bb587d23') in 0.037316 seconds
  Import took 0.040490 seconds .

========================================================================
Received Import Request.
  Time since last request: 0.004588 seconds.
  path: Assets/Animal_Fox_02.prefab
  artifactKey: Guid(e7cc571fb6193484fbdf411869c47343) Importer(815301076,1909f56bfc062723c751e8b465ee728b)
Start importing Assets/Animal_Fox_02.prefab using Guid(e7cc571fb6193484fbdf411869c47343) Importer(815301076,1909f56bfc062723c751e8b465ee728b)  -> (artifact id: '67350def2a1ed70814aece75bb587d23') in 0.002681 seconds
  Import took 0.004481 seconds .

========================================================================
Received Import Request.
  Time since last request: 224.006921 seconds.
  path: Assets/Prefabs/Animal_Cow_White.prefab
  artifactKey: Guid(c0b99beb752496343bd20ba1aefda701) Importer(815301076,1909f56bfc062723c751e8b465ee728b)
Start importing Assets/Prefabs/Animal_Cow_White.prefab using Guid(c0b99beb752496343bd20ba1aefda701) Importer(815301076,1909f56bfc062723c751e8b465ee728b)  -> (artifact id: '0d3c09d63e702515cefc889e5b34b4c3') in 0.080216 seconds
  Import took 0.083552 seconds .

========================================================================
Received Import Request.
  Time since last request: 358.207891 seconds.
  path: Assets/Prefabs/Animal_Chicken_White.prefab
  artifactKey: Guid(3f3e6cc9bf8570f4cb5d47c5012d442e) Importer(815301076,1909f56bfc062723c751e8b465ee728b)
Start importing Assets/Prefabs/Animal_Chicken_White.prefab using Guid(3f3e6cc9bf8570f4cb5d47c5012d442e) Importer(815301076,1909f56bfc062723c751e8b465ee728b)  -> (artifact id: 'e45c70505c6762c87ca10c814155bb41') in 0.019631 seconds
  Import took 0.023238 seconds .

========================================================================
Received Import Request.
  Time since last request: 12.879264 seconds.
  path: Assets/_Source_Files/Misc/SA_Animal_Birds.controller
  artifactKey: Guid(89ce2bbff124d224986dcf79ae85990c) Importer(815301076,1909f56bfc062723c751e8b465ee728b)
Start importing Assets/_Source_Files/Misc/SA_Animal_Birds.controller using Guid(89ce2bbff124d224986dcf79ae85990c) Importer(815301076,1909f56bfc062723c751e8b465ee728b)  -> (artifact id: 'a006895f814059503111c7bd6c1b9753') in 0.008760 seconds
  Import took 0.011389 seconds .

========================================================================
Received Import Request.
  Time since last request: 3.458711 seconds.
  path: Assets/_Source_Files/Misc/Mask_Head.mask
  artifactKey: Guid(f4bf3f6dc42479e47b1fd0e457094fb7) Importer(815301076,1909f56bfc062723c751e8b465ee728b)
Start importing Assets/_Source_Files/Misc/Mask_Head.mask using Guid(f4bf3f6dc42479e47b1fd0e457094fb7) Importer(815301076,1909f56bfc062723c751e8b465ee728b)  -> (artifact id: 'e114c3cee3deb64d671d34d95bb9b2d5') in 0.012998 seconds
  Import took 0.015387 seconds .

========================================================================
Received Import Request.
  Time since last request: 0.735298 seconds.
  path: Assets/_Source_Files/Misc
  artifactKey: Guid(993f981147786450bb782079c0d62878) Importer(815301076,1909f56bfc062723c751e8b465ee728b)
Start importing Assets/_Source_Files/Misc using Guid(993f981147786450bb782079c0d62878) Importer(815301076,1909f56bfc062723c751e8b465ee728b)  -> (artifact id: 'e5c12c2e6b0c103bdbe3b95e06c69855') in 0.005801 seconds
  Import took 0.008166 seconds .

========================================================================
Received Import Request.
  Time since last request: 7.150547 seconds.
  path: Assets/_Source_Files/FBX/SA_Animal_Birds.fbx
  artifactKey: Guid(693459689483f9e4aa5a1a6e8b37269e) Importer(815301076,1909f56bfc062723c751e8b465ee728b)
Start importing Assets/_Source_Files/FBX/SA_Animal_Birds.fbx using Guid(693459689483f9e4aa5a1a6e8b37269e) Importer(815301076,1909f56bfc062723c751e8b465ee728b)  -> (artifact id: 'b01241121b1f9f44f2aa1bd67ea9aeca') in 0.099040 seconds
  Import took 0.101953 seconds .

========================================================================
Received Import Request.
  Time since last request: 48.647202 seconds.
  path: Assets/_Source_Files/FBX/Fox.fbx
  artifactKey: Guid(f000ecb3e2f790d45bb3459ad897cb3e) Importer(815301076,1909f56bfc062723c751e8b465ee728b)
Start importing Assets/_Source_Files/FBX/Fox.fbx using Guid(f000ecb3e2f790d45bb3459ad897cb3e) Importer(815301076,1909f56bfc062723c751e8b465ee728b)  -> (artifact id: '026766f83a995bf4ec5227f5d63f1c8d') in 0.128668 seconds
  Import took 0.136672 seconds .

========================================================================
Received Import Request.
  Time since last request: 14.094918 seconds.
  path: Assets/_Source_Files/FBX/Deer.fbx
  artifactKey: Guid(3751d6025630be542a1062112f2bcae5) Importer(815301076,1909f56bfc062723c751e8b465ee728b)
Start importing Assets/_Source_Files/FBX/Deer.fbx using Guid(3751d6025630be542a1062112f2bcae5) Importer(815301076,1909f56bfc062723c751e8b465ee728b)  -> (artifact id: 'fe326030c45d6d0449e372db36d2eee4') in 0.101397 seconds
  Import took 0.104364 seconds .

========================================================================
Received Import Request.
  Time since last request: 13.521062 seconds.
  path: Assets/_Source_Files/FBX/Items_Cookie_01.fbx
  artifactKey: Guid(d2d314c911e4af5408b077dfed69013d) Importer(815301076,1909f56bfc062723c751e8b465ee728b)
Start importing Assets/_Source_Files/FBX/Items_Cookie_01.fbx using Guid(d2d314c911e4af5408b077dfed69013d) Importer(815301076,1909f56bfc062723c751e8b465ee728b)  -> (artifact id: '1b3227418b3d765109ede65269c41487') in 0.099511 seconds
  Import took 0.102285 seconds .

========================================================================
Received Import Request.
  Time since last request: 22.072867 seconds.
  path: Assets/_Source_Files/FBX/SA_Animal_Chick.fbx
  artifactKey: Guid(5cffd02f329556b48a122caf2426df2f) Importer(815301076,1909f56bfc062723c751e8b465ee728b)
Start importing Assets/_Source_Files/FBX/SA_Animal_Chick.fbx using Guid(5cffd02f329556b48a122caf2426df2f) Importer(815301076,1909f56bfc062723c751e8b465ee728b)  -> (artifact id: 'f40f06d39aeb87215eb8465d86153ab8') in 0.037871 seconds
  Import took 0.040572 seconds .

========================================================================
Received Import Request.
  Time since last request: 33.596061 seconds.
  path: Assets/_Source_Files/FBX/SA_Animal_CowBull.fbx
  artifactKey: Guid(f18cd949d6d73cb459e428cd63e6ac27) Importer(815301076,1909f56bfc062723c751e8b465ee728b)
Start importing Assets/_Source_Files/FBX/SA_Animal_CowBull.fbx using Guid(f18cd949d6d73cb459e428cd63e6ac27) Importer(815301076,1909f56bfc062723c751e8b465ee728b)  -> (artifact id: '5951753a03647aee71262e8df8b2744f') in 0.034194 seconds
  Import took 0.037130 seconds .

========================================================================
Received Import Request.
  Time since last request: 16.655602 seconds.
  path: Assets/_Source_Files/FBX/SA_Animal_Horse.fbx
  artifactKey: Guid(c4324fcdc6ce67d4e97e3c807c446974) Importer(815301076,1909f56bfc062723c751e8b465ee728b)
Start importing Assets/_Source_Files/FBX/SA_Animal_Horse.fbx using Guid(c4324fcdc6ce67d4e97e3c807c446974) Importer(815301076,1909f56bfc062723c751e8b465ee728b)  -> (artifact id: '133e54717f7bee2729ac49852f852906') in 0.065859 seconds
  Import took 0.068903 seconds .

========================================================================
Received Import Request.
  Time since last request: 14.343276 seconds.
  path: Assets/_Source_Files/FBX/SimpleFarm_Characters.fbx
  artifactKey: Guid(aaf0205bbf9d1a4458899575eed1c962) Importer(815301076,1909f56bfc062723c751e8b465ee728b)
Start importing Assets/_Source_Files/FBX/SimpleFarm_Characters.fbx using Guid(aaf0205bbf9d1a4458899575eed1c962) Importer(815301076,1909f56bfc062723c751e8b465ee728b)  -> (artifact id: '480a8881e5881b917bdee812560b8fad') in 0.059273 seconds
  Import took 0.074304 seconds .

========================================================================
Received Import Request.
  Time since last request: 10.844601 seconds.
  path: Assets/_Source_Files/FBX/SimpleDogs.fbx
  artifactKey: Guid(4813058df6cbc544c979b2b5b9882a81) Importer(815301076,1909f56bfc062723c751e8b465ee728b)
Start importing Assets/_Source_Files/FBX/SimpleDogs.fbx using Guid(4813058df6cbc544c979b2b5b9882a81) Importer(815301076,1909f56bfc062723c751e8b465ee728b)  -> (artifact id: '31ba03e36a7fcdb121fdbd78a2883a67') in 0.260561 seconds
  Import took 0.270263 seconds .

========================================================================
Received Import Request.
  Time since last request: 548.227933 seconds.
  path: Assets/_Source_Files/Textures
  artifactKey: Guid(ae9b7b5b6dddb4009817f870c10d2d26) Importer(815301076,1909f56bfc062723c751e8b465ee728b)
Start importing Assets/_Source_Files/Textures using Guid(ae9b7b5b6dddb4009817f870c10d2d26) Importer(815301076,1909f56bfc062723c751e8b465ee728b)  -> (artifact id: '62348aec4f5efbd6f6385b1b71c2b32c') in 0.005920 seconds
  Import took 0.008778 seconds .

========================================================================
Received Import Request.
  Time since last request: 29.170334 seconds.
  path: Assets/Prefabs/Animal_Cow_White.prefab
  artifactKey: Guid(c0b99beb752496343bd20ba1aefda701) Importer(815301076,1909f56bfc062723c751e8b465ee728b)
Start importing Assets/Prefabs/Animal_Cow_White.prefab using Guid(c0b99beb752496343bd20ba1aefda701) Importer(815301076,1909f56bfc062723c751e8b465ee728b)  -> (artifact id: 'fda511787c8f446b66e537fe11017bf4') in 0.033268 seconds
  Import took 0.036435 seconds .

========================================================================
Received Import Request.
  Time since last request: 10.291158 seconds.
  path: Assets/Prefabs/Animal_Cow_White.prefab
  artifactKey: Guid(c0b99beb752496343bd20ba1aefda701) Importer(815301076,1909f56bfc062723c751e8b465ee728b)
Start importing Assets/Prefabs/Animal_Cow_White.prefab using Guid(c0b99beb752496343bd20ba1aefda701) Importer(815301076,1909f56bfc062723c751e8b465ee728b)  -> (artifact id: 'e5bb4438081bd620f1f4ad110a935135') in 0.015926 seconds
  Import took 0.019107 seconds .

========================================================================
Received Import Request.
  Time since last request: 5906.294219 seconds.
  path: Assets/_Source_Files/Misc/Mask_Body.mask
  artifactKey: Guid(4244c57bb194c0e48861fc59aaf8214d) Importer(815301076,1909f56bfc062723c751e8b465ee728b)
Start importing Assets/_Source_Files/Misc/Mask_Body.mask using Guid(4244c57bb194c0e48861fc59aaf8214d) Importer(815301076,1909f56bfc062723c751e8b465ee728b)  -> (artifact id: '960082fc151ebb6e343e5e7433ca8ae2') in 0.007567 seconds
  Import took 0.010293 seconds .

========================================================================
Received Import Request.
  Time since last request: 8.677004 seconds.
  path: Assets/Prefabs/Animal_Chicken_White 1.prefab
  artifactKey: Guid(f3bf6510a83f07849acb5ea23802d42e) Importer(815301076,1909f56bfc062723c751e8b465ee728b)
Start importing Assets/Prefabs/Animal_Chicken_White 1.prefab using Guid(f3bf6510a83f07849acb5ea23802d42e) Importer(815301076,1909f56bfc062723c751e8b465ee728b)  -> (artifact id: '9fe62148913c9f7f926243b8a040ccd4') in 0.038462 seconds
  Import took 0.041407 seconds .

========================================================================
Received Import Request.
  Time since last request: 74.809675 seconds.
  path: Assets/_Source_Files
  artifactKey: Guid(1cf89e74fcdc0ea4eb671af955fc4862) Importer(815301076,1909f56bfc062723c751e8b465ee728b)
Start importing Assets/_Source_Files using Guid(1cf89e74fcdc0ea4eb671af955fc4862) Importer(815301076,1909f56bfc062723c751e8b465ee728b)  -> (artifact id: '4b498f1b0f29b73ca7b979dede2974ee') in 0.005436 seconds
  Import took 0.016825 seconds .

========================================================================
Received Import Request.
  Time since last request: 193.732985 seconds.
  path: Assets/Materials
  artifactKey: Guid(5c0683059190a0c41ba4350c08c4b7ea) Importer(815301076,1909f56bfc062723c751e8b465ee728b)
Start importing Assets/Materials using Guid(5c0683059190a0c41ba4350c08c4b7ea) Importer(815301076,1909f56bfc062723c751e8b465ee728b)  -> (artifact id: '221177ddfc196ba57d265ca05ff9b884') in 0.005806 seconds
  Import took 0.008330 seconds .

========================================================================
Received Import Request.
  Time since last request: 429.672687 seconds.
  path: Assets/Scenes/SampleScene.unity
  artifactKey: Guid(9fc0d4010bbf28b4594072e72b8655ab) Importer(815301076,1909f56bfc062723c751e8b465ee728b)
Start importing Assets/Scenes/SampleScene.unity using Guid(9fc0d4010bbf28b4594072e72b8655ab) Importer(815301076,1909f56bfc062723c751e8b465ee728b)  -> (artifact id: '6578d64b9c690870b74da203f6b74472') in 0.006551 seconds
  Import took 0.009154 seconds .

========================================================================
Received Import Request.
  Time since last request: 10.876848 seconds.
  path: Assets/Scenes/Sandbox.unity
  artifactKey: Guid(9fc0d4010bbf28b4594072e72b8655ab) Importer(815301076,1909f56bfc062723c751e8b465ee728b)
Start importing Assets/Scenes/Sandbox.unity using Guid(9fc0d4010bbf28b4594072e72b8655ab) Importer(815301076,1909f56bfc062723c751e8b465ee728b)  -> (artifact id: '0817cc3b89f942b55ea413ca8d9d8885') in 0.006885 seconds
  Import took 0.009406 seconds .

========================================================================
Received Import Request.
  Time since last request: 0.079858 seconds.
  path: Assets/Scenes/Sandbox.unity
  artifactKey: Guid(9fc0d4010bbf28b4594072e72b8655ab) Importer(815301076,1909f56bfc062723c751e8b465ee728b)
Start importing Assets/Scenes/Sandbox.unity using Guid(9fc0d4010bbf28b4594072e72b8655ab) Importer(815301076,1909f56bfc062723c751e8b465ee728b)  -> (artifact id: '0817cc3b89f942b55ea413ca8d9d8885') in 0.002002 seconds
  Import took 0.004426 seconds .

========================================================================
Received Import Request.
  Time since last request: 41.968203 seconds.
  path: Assets/Scenes/Main.unity
  artifactKey: Guid(9fc0d4010bbf28b4594072e72b8655ab) Importer(815301076,1909f56bfc062723c751e8b465ee728b)
Start importing Assets/Scenes/Main.unity using Guid(9fc0d4010bbf28b4594072e72b8655ab) Importer(815301076,1909f56bfc062723c751e8b465ee728b)  -> (artifact id: 'edfa08ad7237ebee0da62fe7d3b30454') in 0.005683 seconds
  Import took 0.008589 seconds .

========================================================================
Received Import Request.
  Time since last request: 0.082797 seconds.
  path: Assets/Scenes/Main.unity
  artifactKey: Guid(9fc0d4010bbf28b4594072e72b8655ab) Importer(815301076,1909f56bfc062723c751e8b465ee728b)
Start importing Assets/Scenes/Main.unity using Guid(9fc0d4010bbf28b4594072e72b8655ab) Importer(815301076,1909f56bfc062723c751e8b465ee728b)  -> (artifact id: 'edfa08ad7237ebee0da62fe7d3b30454') in 0.002119 seconds
  Import took 0.004536 seconds .

